<?xml version="1.0" encoding="UTF-8"?>
<testsuite name="refactor.model.CustomerTest" tests="1" skipped="0" failures="0" errors="0" timestamp="2019-06-13T13:17:46" hostname="lyyangdeMBP" time="0.004">
  <properties/>
  <testcase name="should_get_statement_result" classname="refactor.model.CustomerTest" time="0.004"/>
  <system-out><![CDATA[1.5
]]></system-out>
  <system-err><![CDATA[]]></system-err>
</testsuite>
